<?xml version="1.0" encoding="UTF-8"?>
<!-- Generated by org.testng.reporters.JUnitReportReporter -->
<testsuite skipped="0" hostname="abc-PC" name="Excelread" tests="2" failures="0" timestamp="21 Oct 2019 08:36:07 GMT" time="15.812" errors="0">
  <testcase name="CheckActandExp" time="14.408" classname="Excelread"/>
  <testcase name="captureScreenMethod" time="1.404" classname="Excelread"/>
</testsuite> <!-- Excelread -->
