<?xml version="1.0" encoding="UTF-8"?>
<!-- Generated by org.testng.reporters.JUnitReportReporter -->
<testsuite skipped="0" hostname="abc-PC" name="com.prestashop.TestClasses.LoginTest" tests="6" failures="0" timestamp="25 Nov 2019 08:01:16 GMT" time="140.796" errors="0">
  <testcase name="loginTest" time="40.536" classname="com.prestashop.TestClasses.LoginTest"/>
  <testcase name="verifyTuckimage" time="13.659" classname="com.prestashop.TestClasses.LoginTest"/>
  <testcase name="verifyInvalidUsername" time="20.218" classname="com.prestashop.TestClasses.LoginTest"/>
  <testcase name="verifyPasswordisMandatory" time="25.933" classname="com.prestashop.TestClasses.LoginTest"/>
  <testcase name="verifyForgetPwdLink" time="23.710" classname="com.prestashop.TestClasses.LoginTest"/>
  <testcase name="verifyStayLoginCheckbox" time="16.740" classname="com.prestashop.TestClasses.LoginTest"/>
</testsuite> <!-- com.prestashop.TestClasses.LoginTest -->
