<?xml version="1.0" encoding="UTF-8"?>
<!-- Generated by org.testng.reporters.JUnitReportReporter -->
<testsuite skipped="0" hostname="abc-PC" name="com.prestashop.TestClasses.CustomerPageTest" tests="2" failures="0" timestamp="25 Nov 2019 13:27:36 GMT" time="155.175" errors="0">
  <testcase name="clikingoncustomerlink" time="91.895" classname="com.prestashop.TestClasses.CustomerPageTest"/>
  <testcase name="verifyAddNewCustomer" time="63.280" classname="com.prestashop.TestClasses.CustomerPageTest"/>
</testsuite> <!-- com.prestashop.TestClasses.CustomerPageTest -->
