<?xml version="1.0" encoding="UTF-8"?>
<!-- Generated by org.testng.reporters.JUnitReportReporter -->
<testsuite skipped="0" hostname="abc-PC" name="Implicitwaittesting" tests="2" failures="0" timestamp="17 Oct 2019 11:41:46 GMT" time="35.244" errors="0">
  <testcase name="testcase_1" time="34.664" classname="Implicitwaittesting"/>
  <testcase name="testcase_2" time="0.580" classname="Implicitwaittesting"/>
</testsuite> <!-- Implicitwaittesting -->
