<?xml version="1.0" encoding="UTF-8"?>
<!-- Generated by org.testng.reporters.JUnitReportReporter -->
<testsuite skipped="0" hostname="abc-PC" name="com.prestashop.TestClasses.LocalizationTest" tests="1" failures="0" timestamp="15 Nov 2019 08:14:57 GMT" time="75.283" errors="0">
  <testcase name="verifyLanguagesLink" time="75.283" classname="com.prestashop.TestClasses.LocalizationTest"/>
</testsuite> <!-- com.prestashop.TestClasses.LocalizationTest -->
