<?xml version="1.0" encoding="UTF-8"?>
<!-- Generated by org.testng.reporters.JUnitReportReporter -->
<testsuite hostname="abc-PC" name="com.prestashop.TestClasses.LoginTest" tests="6" failures="0" timestamp="25 Nov 2019 11:14:45 GMT" time="210.454" errors="0">
  <testcase name="verifyPasswordisMandatory" time="38.840" classname="com.prestashop.TestClasses.LoginTest"/>
  <testcase name="verifyInvalidUsername" time="62.339" classname="com.prestashop.TestClasses.LoginTest"/>
  <testcase name="verifyForgetPwdLink" time="26.539" classname="com.prestashop.TestClasses.LoginTest"/>
  <testcase name="verifyStayLoginCheckbox" time="27.469" classname="com.prestashop.TestClasses.LoginTest"/>
  <testcase name="loginTest" time="32.473" classname="com.prestashop.TestClasses.LoginTest"/>
  <testcase name="verifyTuckimage" time="22.794" classname="com.prestashop.TestClasses.LoginTest"/>
</testsuite> <!-- com.prestashop.TestClasses.LoginTest -->
