<?xml version="1.0" encoding="UTF-8"?>
<!-- Generated by org.testng.reporters.JUnitReportReporter -->
<testsuite hostname="abc-PC" name="Excelread" tests="2" failures="0" timestamp="8 Nov 2019 09:50:58 GMT" time="14.760" errors="0">
  <testcase name="CheckActandExp" time="14.062" classname="Excelread"/>
  <testcase name="captureScreenMethod" time="0.698" classname="Excelread"/>
</testsuite> <!-- Excelread -->
